c:\users\harrel\desktop\cpp\gav2\gav2\debug\vc140.pdb
c:\users\harrel\desktop\cpp\gav2\gav2\debug\main.obj
c:\users\harrel\desktop\cpp\gav2\gav2\debug\mainwidget.obj
c:\users\harrel\desktop\cpp\gav2\gav2\debug\solutioncreator.obj
c:\users\harrel\desktop\cpp\gav2\gav2\debug\moc_solutioncreator.obj
c:\users\harrel\desktop\cpp\gav2\gav2\debug\moc_mainwidget.obj
c:\users\harrel\desktop\cpp\gav2\gav2\debug\dbmanager.obj
c:\users\harrel\desktop\cpp\gav2\gav2\debug\qrc_gav2.obj
c:\users\harrel\desktop\cpp\gav2\gav2\debug\tournamentselection.obj
c:\users\harrel\desktop\cpp\gav2\gav2\debug\solution.obj
c:\users\harrel\desktop\cpp\gav2\gav2\debug\probabilitygenerator.obj
c:\users\harrel\desktop\cpp\gav2\gav2\debug\item.obj
c:\users\harrel\desktop\cpp\gav2\gav2\debug\individual.obj
c:\users\harrel\desktop\cpp\gav2\gav2\debug\gasolver.obj
c:\users\harrel\desktop\cpp\gav2\gav2\debug\backpackproblem.obj
c:\users\harrel\desktop\cpp\gav2\gav2\generatedfiles\qrc_gav2.cpp
c:\users\harrel\desktop\cpp\gav2\gav2\generatedfiles\debug\moc_mainwidget.cpp
c:\users\harrel\desktop\cpp\gav2\gav2\generatedfiles\debug\moc_solutioncreator.cpp
c:\users\harrel\desktop\cpp\gav2\win32\debug\gav2.ilk
c:\users\harrel\desktop\cpp\gav2\win32\debug\gav2.exe
c:\users\harrel\desktop\cpp\gav2\win32\debug\gav2.pdb
c:\users\harrel\desktop\cpp\gav2\gav2\debug\gav2.tlog\cl.command.1.tlog
c:\users\harrel\desktop\cpp\gav2\gav2\debug\gav2.tlog\cl.read.1.tlog
c:\users\harrel\desktop\cpp\gav2\gav2\debug\gav2.tlog\cl.write.1.tlog
c:\users\harrel\desktop\cpp\gav2\gav2\debug\gav2.tlog\custombuild.command.1.tlog
c:\users\harrel\desktop\cpp\gav2\gav2\debug\gav2.tlog\custombuild.read.1.tlog
c:\users\harrel\desktop\cpp\gav2\gav2\debug\gav2.tlog\custombuild.write.1.tlog
c:\users\harrel\desktop\cpp\gav2\gav2\debug\gav2.tlog\link.command.1.tlog
c:\users\harrel\desktop\cpp\gav2\gav2\debug\gav2.tlog\link.read.1.tlog
c:\users\harrel\desktop\cpp\gav2\gav2\debug\gav2.tlog\link.write.1.tlog
